<?xml version="1.0" encoding="UTF-8"?>
<!-- Generated by org.testng.reporters.JUnitXMLReporter -->
<testsuite hostname="LAPTOP-7VQ11PQH" ignored="0" name="Test2" tests="11" failures="0" timestamp="2021-02-08T13:38:48 IST" time="29.611" errors="0">
  <testcase name="openOnlineCalculator" time="14.644" classname="xendit.xendit_qa_assesment.division"/>
  <testcase name="TC9" time="0.937" classname="xendit.xendit_qa_assesment.division"/>
  <testcase name="TC9Compare" time="0.077" classname="xendit.xendit_qa_assesment.division"/>
  <testcase name="TC10" time="1.532" classname="xendit.xendit_qa_assesment.division"/>
  <testcase name="TC10Compare" time="0.108" classname="xendit.xendit_qa_assesment.division"/>
  <testcase name="TC11" time="1.295" classname="xendit.xendit_qa_assesment.division"/>
  <testcase name="TC11Compare" time="0.059" classname="xendit.xendit_qa_assesment.division"/>
  <testcase name="TC12" time="1.399" classname="xendit.xendit_qa_assesment.division"/>
  <testcase name="TC12Compare" time="0.055" classname="xendit.xendit_qa_assesment.division"/>
  <testcase name="TC13" time="1.175" classname="xendit.xendit_qa_assesment.division"/>
  <testcase name="TC13Compare" time="0.095" classname="xendit.xendit_qa_assesment.division"/>
</testsuite> <!-- Test2 -->
