<?xml version="1.0" encoding="UTF-8"?>
<!-- Generated by org.testng.reporters.JUnitXMLReporter -->
<testsuite hostname="LAPTOP-7VQ11PQH" ignored="0" name="Test" tests="11" failures="0" timestamp="2021-02-08T13:28:56 IST" time="27.762" errors="0">
  <testcase name="openOnlineCalculator" time="14.927" classname="xendit.xendit_qa_assesment.division"/>
  <testcase name="TC9" time="0.773" classname="xendit.xendit_qa_assesment.division"/>
  <testcase name="TC9Compare" time="0.127" classname="xendit.xendit_qa_assesment.division"/>
  <testcase name="TC10" time="1.067" classname="xendit.xendit_qa_assesment.division"/>
  <testcase name="TC10Compare" time="0.069" classname="xendit.xendit_qa_assesment.division"/>
  <testcase name="TC11" time="1.124" classname="xendit.xendit_qa_assesment.division"/>
  <testcase name="TC11Compare" time="0.051" classname="xendit.xendit_qa_assesment.division"/>
  <testcase name="TC12" time="1.167" classname="xendit.xendit_qa_assesment.division"/>
  <testcase name="TC12Compare" time="0.078" classname="xendit.xendit_qa_assesment.division"/>
  <testcase name="TC13" time="1.245" classname="xendit.xendit_qa_assesment.division"/>
  <testcase name="TC13Compare" time="0.063" classname="xendit.xendit_qa_assesment.division"/>
</testsuite> <!-- Test -->
