<?xml version="1.0" encoding="UTF-8"?>
<!-- Generated by org.testng.reporters.JUnitXMLReporter -->
<testsuite hostname="LAPTOP-7VQ11PQH" ignored="0" name="Test3" tests="7" failures="0" timestamp="2021-02-08T15:13:18 IST" time="24.182" errors="0">
  <testcase name="openOnlineCalculator" time="14.877" classname="xendit.xendit_qa_assesment.substraction"/>
  <testcase name="TC6" time="1.106" classname="xendit.xendit_qa_assesment.substraction"/>
  <testcase name="TC6Compare" time="0.072" classname="xendit.xendit_qa_assesment.substraction"/>
  <testcase name="TC7" time="1.406" classname="xendit.xendit_qa_assesment.substraction"/>
  <testcase name="TC7Compare" time="0.059" classname="xendit.xendit_qa_assesment.substraction"/>
  <testcase name="TC8" time="1.057" classname="xendit.xendit_qa_assesment.substraction"/>
  <testcase name="TC8Compare" time="0.114" classname="xendit.xendit_qa_assesment.substraction"/>
</testsuite> <!-- Test3 -->
