<?xml version="1.0" encoding="UTF-8"?>
<!-- Generated by org.testng.reporters.JUnitXMLReporter -->
<testsuite hostname="LAPTOP-7VQ11PQH" ignored="0" name="Test2" tests="11" failures="0" timestamp="2021-02-08T14:03:05 IST" time="28.763" errors="0">
  <testcase name="openOnlineCalculator" time="14.877" classname="xendit.xendit_qa_assesment.division"/>
  <testcase name="TC9" time="0.872" classname="xendit.xendit_qa_assesment.division"/>
  <testcase name="TC9Compare" time="0.051" classname="xendit.xendit_qa_assesment.division"/>
  <testcase name="TC10" time="1.217" classname="xendit.xendit_qa_assesment.division"/>
  <testcase name="TC10Compare" time="0.046" classname="xendit.xendit_qa_assesment.division"/>
  <testcase name="TC11" time="1.208" classname="xendit.xendit_qa_assesment.division"/>
  <testcase name="TC11Compare" time="0.1" classname="xendit.xendit_qa_assesment.division"/>
  <testcase name="TC12" time="1.24" classname="xendit.xendit_qa_assesment.division"/>
  <testcase name="TC12Compare" time="0.039" classname="xendit.xendit_qa_assesment.division"/>
  <testcase name="TC13" time="1.309" classname="xendit.xendit_qa_assesment.division"/>
  <testcase name="TC13Compare" time="0.134" classname="xendit.xendit_qa_assesment.division"/>
</testsuite> <!-- Test2 -->
