<?xml version="1.0" encoding="UTF-8"?>
<!-- Generated by org.testng.reporters.JUnitXMLReporter -->
<testsuite hostname="LAPTOP-7VQ11PQH" ignored="0" name="Test2" tests="11" failures="0" timestamp="2021-02-08T15:12:54 IST" time="28.59" errors="0">
  <testcase name="openOnlineCalculator" time="15.484" classname="xendit.xendit_qa_assesment.division"/>
  <testcase name="TC9" time="0.753" classname="xendit.xendit_qa_assesment.division"/>
  <testcase name="TC9Compare" time="0.053" classname="xendit.xendit_qa_assesment.division"/>
  <testcase name="TC10" time="1.395" classname="xendit.xendit_qa_assesment.division"/>
  <testcase name="TC10Compare" time="0.042" classname="xendit.xendit_qa_assesment.division"/>
  <testcase name="TC11" time="1.087" classname="xendit.xendit_qa_assesment.division"/>
  <testcase name="TC11Compare" time="0.049" classname="xendit.xendit_qa_assesment.division"/>
  <testcase name="TC12" time="1.142" classname="xendit.xendit_qa_assesment.division"/>
  <testcase name="TC12Compare" time="0.085" classname="xendit.xendit_qa_assesment.division"/>
  <testcase name="TC13" time="1.167" classname="xendit.xendit_qa_assesment.division"/>
  <testcase name="TC13Compare" time="0.047" classname="xendit.xendit_qa_assesment.division"/>
</testsuite> <!-- Test2 -->
