<?xml version="1.0" encoding="UTF-8"?>
<!-- Generated by org.testng.reporters.JUnitXMLReporter -->
<testsuite hostname="LAPTOP-7VQ11PQH" ignored="0" name="Test3" tests="7" failures="0" timestamp="2021-02-08T14:03:30 IST" time="24.849" errors="0">
  <testcase name="openOnlineCalculator" time="15.725" classname="xendit.xendit_qa_assesment.substraction"/>
  <testcase name="TC6" time="1.222" classname="xendit.xendit_qa_assesment.substraction"/>
  <testcase name="TC6Compare" time="0.052" classname="xendit.xendit_qa_assesment.substraction"/>
  <testcase name="TC7" time="1.588" classname="xendit.xendit_qa_assesment.substraction"/>
  <testcase name="TC7Compare" time="0.056" classname="xendit.xendit_qa_assesment.substraction"/>
  <testcase name="TC8" time="1.046" classname="xendit.xendit_qa_assesment.substraction"/>
  <testcase name="TC8Compare" time="0.065" classname="xendit.xendit_qa_assesment.substraction"/>
</testsuite> <!-- Test3 -->
