<?xml version="1.0" encoding="UTF-8"?>
<testng-results skipped="0" failed="0" ignored="0" total="29" passed="29">
  <reporter-output>
  </reporter-output>
  <suite name="Suite" duration-ms="86685" started-at="2021-02-08T15:11:51 IST" finished-at="2021-02-08T15:13:18 IST">
    <groups>
    </groups>
    <test name="Test1" duration-ms="33092" started-at="2021-02-08T15:11:51 IST" finished-at="2021-02-08T15:12:24 IST">
      <class name="xendit.xendit_qa_assesment.addition">
        <test-method status="PASS" signature="openOnlineCalculator()[pri:1, instance:xendit.xendit_qa_assesment.addition@6ab7a896]" name="openOnlineCalculator" duration-ms="17967" started-at="2021-02-08T15:11:51 IST" finished-at="2021-02-08T15:12:09 IST">
          <reporter-output>
          </reporter-output>
        </test-method> <!-- openOnlineCalculator -->
        <test-method status="PASS" signature="TC1()[pri:2, instance:xendit.xendit_qa_assesment.addition@6ab7a896]" name="TC1" duration-ms="1048" started-at="2021-02-08T15:12:10 IST" finished-at="2021-02-08T15:12:11 IST">
          <reporter-output>
          </reporter-output>
        </test-method> <!-- TC1 -->
        <test-method status="PASS" signature="TC1Compare()[pri:3, instance:xendit.xendit_qa_assesment.addition@6ab7a896]" name="TC1Compare" duration-ms="183" started-at="2021-02-08T15:12:12 IST" finished-at="2021-02-08T15:12:12 IST">
          <reporter-output>
          </reporter-output>
        </test-method> <!-- TC1Compare -->
        <test-method status="PASS" signature="TC2()[pri:4, instance:xendit.xendit_qa_assesment.addition@6ab7a896]" name="TC2" duration-ms="1616" started-at="2021-02-08T15:12:13 IST" finished-at="2021-02-08T15:12:14 IST">
          <reporter-output>
          </reporter-output>
        </test-method> <!-- TC2 -->
        <test-method status="PASS" signature="TC2Compare()[pri:5, instance:xendit.xendit_qa_assesment.addition@6ab7a896]" name="TC2Compare" duration-ms="128" started-at="2021-02-08T15:12:15 IST" finished-at="2021-02-08T15:12:15 IST">
          <reporter-output>
          </reporter-output>
        </test-method> <!-- TC2Compare -->
        <test-method status="PASS" signature="TC3()[pri:6, instance:xendit.xendit_qa_assesment.addition@6ab7a896]" name="TC3" duration-ms="1303" started-at="2021-02-08T15:12:16 IST" finished-at="2021-02-08T15:12:17 IST">
          <reporter-output>
          </reporter-output>
        </test-method> <!-- TC3 -->
        <test-method status="PASS" signature="TC3Compare()[pri:7, instance:xendit.xendit_qa_assesment.addition@6ab7a896]" name="TC3Compare" duration-ms="51" started-at="2021-02-08T15:12:17 IST" finished-at="2021-02-08T15:12:17 IST">
          <reporter-output>
          </reporter-output>
        </test-method> <!-- TC3Compare -->
        <test-method status="PASS" signature="TC4()[pri:8, instance:xendit.xendit_qa_assesment.addition@6ab7a896]" name="TC4" duration-ms="1537" started-at="2021-02-08T15:12:18 IST" finished-at="2021-02-08T15:12:20 IST">
          <reporter-output>
          </reporter-output>
        </test-method> <!-- TC4 -->
        <test-method status="PASS" signature="TC4Compare()[pri:9, instance:xendit.xendit_qa_assesment.addition@6ab7a896]" name="TC4Compare" duration-ms="129" started-at="2021-02-08T15:12:20 IST" finished-at="2021-02-08T15:12:21 IST">
          <reporter-output>
          </reporter-output>
        </test-method> <!-- TC4Compare -->
        <test-method status="PASS" signature="TC5()[pri:10, instance:xendit.xendit_qa_assesment.addition@6ab7a896]" name="TC5" duration-ms="1319" started-at="2021-02-08T15:12:21 IST" finished-at="2021-02-08T15:12:22 IST">
          <reporter-output>
          </reporter-output>
        </test-method> <!-- TC5 -->
        <test-method status="PASS" signature="TC5Compare()[pri:11, instance:xendit.xendit_qa_assesment.addition@6ab7a896]" name="TC5Compare" duration-ms="84" started-at="2021-02-08T15:12:23 IST" finished-at="2021-02-08T15:12:23 IST">
          <reporter-output>
          </reporter-output>
        </test-method> <!-- TC5Compare -->
        <test-method status="PASS" signature="close()[pri:0, instance:xendit.xendit_qa_assesment.addition@6ab7a896]" name="close" is-config="true" duration-ms="321" started-at="2021-02-08T15:12:24 IST" finished-at="2021-02-08T15:12:24 IST">
          <reporter-output>
          </reporter-output>
        </test-method> <!-- close -->
      </class> <!-- xendit.xendit_qa_assesment.addition -->
    </test> <!-- Test1 -->
    <test name="Test2" duration-ms="28590" started-at="2021-02-08T15:12:25 IST" finished-at="2021-02-08T15:12:54 IST">
      <class name="xendit.xendit_qa_assesment.division">
        <test-method status="PASS" signature="openOnlineCalculator()[pri:1, instance:xendit.xendit_qa_assesment.division@79ad8b2f]" name="openOnlineCalculator" duration-ms="15484" started-at="2021-02-08T15:12:25 IST" finished-at="2021-02-08T15:12:40 IST">
          <reporter-output>
          </reporter-output>
        </test-method> <!-- openOnlineCalculator -->
        <test-method status="PASS" signature="TC9()[pri:2, instance:xendit.xendit_qa_assesment.division@79ad8b2f]" name="TC9" duration-ms="753" started-at="2021-02-08T15:12:41 IST" finished-at="2021-02-08T15:12:42 IST">
          <reporter-output>
          </reporter-output>
        </test-method> <!-- TC9 -->
        <test-method status="PASS" signature="TC9Compare()[pri:3, instance:xendit.xendit_qa_assesment.division@79ad8b2f]" name="TC9Compare" duration-ms="53" started-at="2021-02-08T15:12:43 IST" finished-at="2021-02-08T15:12:43 IST">
          <reporter-output>
          </reporter-output>
        </test-method> <!-- TC9Compare -->
        <test-method status="PASS" signature="TC10()[pri:4, instance:xendit.xendit_qa_assesment.division@79ad8b2f]" name="TC10" duration-ms="1395" started-at="2021-02-08T15:12:43 IST" finished-at="2021-02-08T15:12:45 IST">
          <reporter-output>
          </reporter-output>
        </test-method> <!-- TC10 -->
        <test-method status="PASS" signature="TC10Compare()[pri:5, instance:xendit.xendit_qa_assesment.division@79ad8b2f]" name="TC10Compare" duration-ms="42" started-at="2021-02-08T15:12:45 IST" finished-at="2021-02-08T15:12:45 IST">
          <reporter-output>
          </reporter-output>
        </test-method> <!-- TC10Compare -->
        <test-method status="PASS" signature="TC11()[pri:6, instance:xendit.xendit_qa_assesment.division@79ad8b2f]" name="TC11" duration-ms="1087" started-at="2021-02-08T15:12:46 IST" finished-at="2021-02-08T15:12:47 IST">
          <reporter-output>
          </reporter-output>
        </test-method> <!-- TC11 -->
        <test-method status="PASS" signature="TC11Compare()[pri:7, instance:xendit.xendit_qa_assesment.division@79ad8b2f]" name="TC11Compare" duration-ms="49" started-at="2021-02-08T15:12:47 IST" finished-at="2021-02-08T15:12:47 IST">
          <reporter-output>
          </reporter-output>
        </test-method> <!-- TC11Compare -->
        <test-method status="PASS" signature="TC12()[pri:8, instance:xendit.xendit_qa_assesment.division@79ad8b2f]" name="TC12" duration-ms="1142" started-at="2021-02-08T15:12:48 IST" finished-at="2021-02-08T15:12:49 IST">
          <reporter-output>
          </reporter-output>
        </test-method> <!-- TC12 -->
        <test-method status="PASS" signature="TC12Compare()[pri:9, instance:xendit.xendit_qa_assesment.division@79ad8b2f]" name="TC12Compare" duration-ms="85" started-at="2021-02-08T15:12:50 IST" finished-at="2021-02-08T15:12:50 IST">
          <reporter-output>
          </reporter-output>
        </test-method> <!-- TC12Compare -->
        <test-method status="PASS" signature="TC13()[pri:10, instance:xendit.xendit_qa_assesment.division@79ad8b2f]" name="TC13" duration-ms="1167" started-at="2021-02-08T15:12:51 IST" finished-at="2021-02-08T15:12:52 IST">
          <reporter-output>
          </reporter-output>
        </test-method> <!-- TC13 -->
        <test-method status="PASS" signature="TC13Compare()[pri:11, instance:xendit.xendit_qa_assesment.division@79ad8b2f]" name="TC13Compare" duration-ms="47" started-at="2021-02-08T15:12:53 IST" finished-at="2021-02-08T15:12:53 IST">
          <reporter-output>
          </reporter-output>
        </test-method> <!-- TC13Compare -->
        <test-method status="PASS" signature="close()[pri:0, instance:xendit.xendit_qa_assesment.division@79ad8b2f]" name="close" is-config="true" duration-ms="194" started-at="2021-02-08T15:12:53 IST" finished-at="2021-02-08T15:12:54 IST">
          <reporter-output>
          </reporter-output>
        </test-method> <!-- close -->
      </class> <!-- xendit.xendit_qa_assesment.division -->
    </test> <!-- Test2 -->
    <test name="Test3" duration-ms="24182" started-at="2021-02-08T15:12:54 IST" finished-at="2021-02-08T15:13:18 IST">
      <class name="xendit.xendit_qa_assesment.substraction">
        <test-method status="PASS" signature="openOnlineCalculator()[pri:1, instance:xendit.xendit_qa_assesment.substraction@7995092a]" name="openOnlineCalculator" duration-ms="14877" started-at="2021-02-08T15:12:54 IST" finished-at="2021-02-08T15:13:09 IST">
          <reporter-output>
          </reporter-output>
        </test-method> <!-- openOnlineCalculator -->
        <test-method status="PASS" signature="TC6()[pri:2, instance:xendit.xendit_qa_assesment.substraction@7995092a]" name="TC6" duration-ms="1106" started-at="2021-02-08T15:13:09 IST" finished-at="2021-02-08T15:13:11 IST">
          <reporter-output>
          </reporter-output>
        </test-method> <!-- TC6 -->
        <test-method status="PASS" signature="TC6Compare()[pri:3, instance:xendit.xendit_qa_assesment.substraction@7995092a]" name="TC6Compare" duration-ms="72" started-at="2021-02-08T15:13:11 IST" finished-at="2021-02-08T15:13:11 IST">
          <reporter-output>
          </reporter-output>
        </test-method> <!-- TC6Compare -->
        <test-method status="PASS" signature="TC7()[pri:4, instance:xendit.xendit_qa_assesment.substraction@7995092a]" name="TC7" duration-ms="1406" started-at="2021-02-08T15:13:12 IST" finished-at="2021-02-08T15:13:14 IST">
          <reporter-output>
          </reporter-output>
        </test-method> <!-- TC7 -->
        <test-method status="PASS" signature="TC7Compare()[pri:5, instance:xendit.xendit_qa_assesment.substraction@7995092a]" name="TC7Compare" duration-ms="59" started-at="2021-02-08T15:13:14 IST" finished-at="2021-02-08T15:13:14 IST">
          <reporter-output>
          </reporter-output>
        </test-method> <!-- TC7Compare -->
        <test-method status="PASS" signature="TC8()[pri:6, instance:xendit.xendit_qa_assesment.substraction@7995092a]" name="TC8" duration-ms="1057" started-at="2021-02-08T15:13:15 IST" finished-at="2021-02-08T15:13:16 IST">
          <reporter-output>
          </reporter-output>
        </test-method> <!-- TC8 -->
        <test-method status="PASS" signature="TC8Compare()[pri:7, instance:xendit.xendit_qa_assesment.substraction@7995092a]" name="TC8Compare" duration-ms="114" started-at="2021-02-08T15:13:17 IST" finished-at="2021-02-08T15:13:17 IST">
          <reporter-output>
          </reporter-output>
        </test-method> <!-- TC8Compare -->
        <test-method status="PASS" signature="close()[pri:0, instance:xendit.xendit_qa_assesment.substraction@7995092a]" name="close" is-config="true" duration-ms="239" started-at="2021-02-08T15:13:18 IST" finished-at="2021-02-08T15:13:18 IST">
          <reporter-output>
          </reporter-output>
        </test-method> <!-- close -->
      </class> <!-- xendit.xendit_qa_assesment.substraction -->
    </test> <!-- Test3 -->
  </suite> <!-- Suite -->
</testng-results>
