<?xml version="1.0" encoding="UTF-8"?>
<testsuite xmlns:xsi="http://www.w3.org/2001/XMLSchema-instance" xsi:noNamespaceSchemaLocation="https://maven.apache.org/surefire/maven-surefire-plugin/xsd/surefire-test-report.xsd" name="TestSuite" time="88.706" tests="29" errors="0" skipped="0" failures="0">
  <properties>
[...]
</properties>
  <testcase name="openOnlineCalculator" classname="xendit.xendit_qa_assesment.addition" time="18.884"/>
  <testcase name="TC1" classname="xendit.xendit_qa_assesment.addition" time="1.686"/>
  <testcase name="TC1Compare" classname="xendit.xendit_qa_assesment.addition" time="0.785"/>
  <testcase name="TC2" classname="xendit.xendit_qa_assesment.addition" time="2.258"/>
  <testcase name="TC2Compare" classname="xendit.xendit_qa_assesment.addition" time="0.677"/>
  <testcase name="TC3" classname="xendit.xendit_qa_assesment.addition" time="1.853"/>
  <testcase name="TC3Compare" classname="xendit.xendit_qa_assesment.addition" time="0.719"/>
  <testcase name="TC4" classname="xendit.xendit_qa_assesment.addition" time="2.31"/>
  <testcase name="TC4Compare" classname="xendit.xendit_qa_assesment.addition" time="0.666"/>
  <testcase name="TC5" classname="xendit.xendit_qa_assesment.addition" time="2.027"/>
  <testcase name="TC5Compare" classname="xendit.xendit_qa_assesment.addition" time="0.823"/>
  <testcase name="openOnlineCalculator" classname="xendit.xendit_qa_assesment.division" time="16.393"/>
  <testcase name="TC9" classname="xendit.xendit_qa_assesment.division" time="1.295"/>
  <testcase name="TC9Compare" classname="xendit.xendit_qa_assesment.division" time="0.515"/>
  <testcase name="TC10" classname="xendit.xendit_qa_assesment.division" time="2.029"/>
  <testcase name="TC10Compare" classname="xendit.xendit_qa_assesment.division" time="0.586"/>
  <testcase name="TC11" classname="xendit.xendit_qa_assesment.division" time="1.655"/>
  <testcase name="TC11Compare" classname="xendit.xendit_qa_assesment.division" time="0.676"/>
  <testcase name="TC12" classname="xendit.xendit_qa_assesment.division" time="1.838"/>
  <testcase name="TC12Compare" classname="xendit.xendit_qa_assesment.division" time="0.753"/>
  <testcase name="TC13" classname="xendit.xendit_qa_assesment.division" time="1.912"/>
  <testcase name="TC13Compare" classname="xendit.xendit_qa_assesment.division" time="0.727"/>
  <testcase name="openOnlineCalculator" classname="xendit.xendit_qa_assesment.substraction" time="15.762"/>
  <testcase name="TC6" classname="xendit.xendit_qa_assesment.substraction" time="1.776"/>
  <testcase name="TC6Compare" classname="xendit.xendit_qa_assesment.substraction" time="0.931"/>
  <testcase name="TC7" classname="xendit.xendit_qa_assesment.substraction" time="2.1"/>
  <testcase name="TC7Compare" classname="xendit.xendit_qa_assesment.substraction" time="0.699"/>
  <testcase name="TC8" classname="xendit.xendit_qa_assesment.substraction" time="1.898"/>
  <testcase name="TC8Compare" classname="xendit.xendit_qa_assesment.substraction" time="0.769"/>
</testsuite>