<?xml version="1.0" encoding="UTF-8"?>
<testsuite xmlns:xsi="http://www.w3.org/2001/XMLSchema-instance" xsi:noNamespaceSchemaLocation="https://maven.apache.org/surefire/maven-surefire-plugin/xsd/surefire-test-report.xsd" name="TestSuite" time="88.933" tests="29" errors="0" skipped="0" failures="0">
  <properties>
[...]
</properties>
  <testcase name="openOnlineCalculator" classname="xendit.xendit_qa_assesment.addition" time="16.708"/>
  <testcase name="TC1" classname="xendit.xendit_qa_assesment.addition" time="2.247"/>
  <testcase name="TC1Compare" classname="xendit.xendit_qa_assesment.addition" time="0.958"/>
  <testcase name="TC2" classname="xendit.xendit_qa_assesment.addition" time="2.475"/>
  <testcase name="TC2Compare" classname="xendit.xendit_qa_assesment.addition" time="0.587"/>
  <testcase name="TC3" classname="xendit.xendit_qa_assesment.addition" time="2.495"/>
  <testcase name="TC3Compare" classname="xendit.xendit_qa_assesment.addition" time="0.891"/>
  <testcase name="TC4" classname="xendit.xendit_qa_assesment.addition" time="2.441"/>
  <testcase name="TC4Compare" classname="xendit.xendit_qa_assesment.addition" time="0.952"/>
  <testcase name="TC5" classname="xendit.xendit_qa_assesment.addition" time="2.065"/>
  <testcase name="TC5Compare" classname="xendit.xendit_qa_assesment.addition" time="0.795"/>
  <testcase name="openOnlineCalculator" classname="xendit.xendit_qa_assesment.division" time="15.437"/>
  <testcase name="TC9" classname="xendit.xendit_qa_assesment.division" time="1.519"/>
  <testcase name="TC9Compare" classname="xendit.xendit_qa_assesment.division" time="0.654"/>
  <testcase name="TC10" classname="xendit.xendit_qa_assesment.division" time="1.889"/>
  <testcase name="TC10Compare" classname="xendit.xendit_qa_assesment.division" time="0.489"/>
  <testcase name="TC11" classname="xendit.xendit_qa_assesment.division" time="1.935"/>
  <testcase name="TC11Compare" classname="xendit.xendit_qa_assesment.division" time="1.006"/>
  <testcase name="TC12" classname="xendit.xendit_qa_assesment.division" time="2.005"/>
  <testcase name="TC12Compare" classname="xendit.xendit_qa_assesment.division" time="0.821"/>
  <testcase name="TC13" classname="xendit.xendit_qa_assesment.division" time="2.168"/>
  <testcase name="TC13Compare" classname="xendit.xendit_qa_assesment.division" time="0.721"/>
  <testcase name="openOnlineCalculator" classname="xendit.xendit_qa_assesment.substraction" time="16.658"/>
  <testcase name="TC6" classname="xendit.xendit_qa_assesment.substraction" time="1.932"/>
  <testcase name="TC6Compare" classname="xendit.xendit_qa_assesment.substraction" time="0.622"/>
  <testcase name="TC7" classname="xendit.xendit_qa_assesment.substraction" time="2.233"/>
  <testcase name="TC7Compare" classname="xendit.xendit_qa_assesment.substraction" time="0.773"/>
  <testcase name="TC8" classname="xendit.xendit_qa_assesment.substraction" time="1.892"/>
  <testcase name="TC8Compare" classname="xendit.xendit_qa_assesment.substraction" time="0.548"/>
</testsuite>